d:\csc8503 framework\csc8503 framework\ncltech\release\vc120.pdb
d:\csc8503 framework\csc8503 framework\ncltech\release\spherecollisionshape.obj
d:\csc8503 framework\csc8503 framework\ncltech\release\source.obj
d:\csc8503 framework\csc8503 framework\ncltech\release\simplemeshobject.obj
d:\csc8503 framework\csc8503 framework\ncltech\release\scene.obj
d:\csc8503 framework\csc8503 framework\ncltech\release\physicsobject.obj
d:\csc8503 framework\csc8503 framework\ncltech\release\physicsengine.obj
d:\csc8503 framework\csc8503 framework\ncltech\release\manifold.obj
d:\csc8503 framework\csc8503 framework\ncltech\release\hull.obj
d:\csc8503 framework\csc8503 framework\ncltech\release\gameobject.obj
d:\csc8503 framework\csc8503 framework\ncltech\release\ncldebug.obj
d:\csc8503 framework\csc8503 framework\ncltech\release\cuboidcollisionshape.obj
d:\csc8503 framework\csc8503 framework\ncltech\release\constraint.obj
d:\csc8503 framework\csc8503 framework\ncltech\release\commonmeshes.obj
d:\csc8503 framework\csc8503 framework\ncltech\release\collisiondetection.obj
d:\csc8503 framework\csc8503 framework\game technologies\release\ncltech.lib
d:\csc8503 framework\csc8503 framework\ncltech\release\ncltech.tlog\cl.command.1.tlog
d:\csc8503 framework\csc8503 framework\ncltech\release\ncltech.tlog\cl.read.1.tlog
d:\csc8503 framework\csc8503 framework\ncltech\release\ncltech.tlog\cl.write.1.tlog
d:\csc8503 framework\csc8503 framework\ncltech\release\ncltech.tlog\lib-link.read.1.tlog
d:\csc8503 framework\csc8503 framework\ncltech\release\ncltech.tlog\lib-link.write.1.tlog
d:\csc8503 framework\csc8503 framework\ncltech\release\ncltech.tlog\lib.command.1.tlog
